TN:
SF:src/App.tsx
FN:16,App
FNF:1
FNH:0
FNDA:0,App
DA:9,0
DA:17,0
LF:2
LH:0
BRF:0
BRH:0
end_of_record
TN:
SF:src/NarrativeApp.tsx
FN:17,NarrativeApp
FN:26,(anonymous_1)
FN:30,(anonymous_2)
FN:31,(anonymous_3)
FN:41,(anonymous_4)
FN:44,(anonymous_5)
FN:116,(anonymous_6)
FN:121,(anonymous_7)
FNF:8
FNH:0
FNDA:0,NarrativeApp
FNDA:0,(anonymous_1)
FNDA:0,(anonymous_2)
FNDA:0,(anonymous_3)
FNDA:0,(anonymous_4)
FNDA:0,(anonymous_5)
FNDA:0,(anonymous_6)
FNDA:0,(anonymous_7)
DA:18,0
DA:19,0
DA:20,0
DA:21,0
DA:22,0
DA:23,0
DA:24,0
DA:26,0
DA:27,0
DA:30,0
DA:31,0
DA:32,0
DA:33,0
DA:34,0
DA:35,0
DA:36,0
DA:40,0
DA:41,0
DA:44,0
DA:46,0
DA:47,0
DA:50,0
DA:51,0
DA:54,0
DA:55,0
DA:56,0
DA:57,0
DA:58,0
DA:59,0
DA:60,0
DA:61,0
DA:62,0
DA:63,0
DA:69,0
DA:70,0
DA:73,0
DA:76,0
DA:82,0
DA:84,0
DA:85,0
DA:86,0
DA:87,0
DA:89,0
DA:91,0
DA:93,0
DA:94,0
DA:97,0
DA:98,0
DA:101,0
DA:104,0
DA:105,0
DA:108,0
DA:109,0
DA:111,0
DA:112,0
DA:116,0
DA:117,0
DA:118,0
DA:121,0
DA:122,0
DA:125,0
DA:126,0
DA:129,0
DA:132,0
DA:137,0
DA:143,0
DA:144,0
DA:145,0
DA:148,0
DA:149,0
DA:150,0
DA:151,0
DA:155,0
DA:156,0
DA:159,0
LF:75
LH:0
BRDA:34,0,0,0
BRDA:34,0,1,0
BRDA:34,1,0,0
BRDA:34,1,1,0
BRDA:54,2,0,0
BRDA:54,2,1,0
BRDA:56,3,0,0
BRDA:56,3,1,0
BRDA:69,4,0,0
BRDA:69,4,1,0
BRDA:89,5,0,0
BRDA:89,5,1,0
BRDA:91,6,0,0
BRDA:91,6,1,0
BRDA:97,7,0,0
BRDA:97,7,1,0
BRDA:125,8,0,0
BRDA:125,8,1,0
BRDA:155,9,0,0
BRDA:155,9,1,0
BRDA:155,10,0,0
BRDA:155,10,1,0
BRDA:155,10,2,0
BRF:23
BRH:0
end_of_record
TN:
SF:src/debug.ts
FN:11,resolveName
FN:19,exposeDocToConsole
FN:32,printDocStructure
FN:63,(anonymous_3)
FN:70,(anonymous_4)
FN:78,(anonymous_5)
FN:86,(anonymous_6)
FN:87,(anonymous_7)
FN:115,exportDocToJson
FN:137,analyzeVotes
FN:144,(anonymous_10)
FN:153,(anonymous_11)
FN:167,findAssumptionsByUser
FN:171,(anonymous_13)
FN:172,(anonymous_14)
FN:175,(anonymous_15)
FN:182,traceAssumption
FN:194,(anonymous_17)
FN:203,(anonymous_18)
FN:212,(anonymous_19)
FNF:20
FNH:0
FNDA:0,resolveName
FNDA:0,exposeDocToConsole
FNDA:0,printDocStructure
FNDA:0,(anonymous_3)
FNDA:0,(anonymous_4)
FNDA:0,(anonymous_5)
FNDA:0,(anonymous_6)
FNDA:0,(anonymous_7)
FNDA:0,exportDocToJson
FNDA:0,analyzeVotes
FNDA:0,(anonymous_10)
FNDA:0,(anonymous_11)
FNDA:0,findAssumptionsByUser
FNDA:0,(anonymous_13)
FNDA:0,(anonymous_14)
FNDA:0,(anonymous_15)
FNDA:0,traceAssumption
FNDA:0,(anonymous_17)
FNDA:0,(anonymous_18)
FNDA:0,(anonymous_19)
DA:12,0
DA:20,0
DA:21,0
DA:22,0
DA:23,0
DA:24,0
DA:25,0
DA:33,0
DA:34,0
DA:35,0
DA:38,0
DA:40,0
DA:41,0
DA:42,0
DA:43,0
DA:44,0
DA:45,0
DA:47,0
DA:51,0
DA:52,0
DA:53,0
DA:54,0
DA:55,0
DA:58,0
DA:59,0
DA:60,0
DA:62,0
DA:63,0
DA:64,0
DA:65,0
DA:67,0
DA:69,0
DA:70,0
DA:75,0
DA:77,0
DA:78,0
DA:82,0
DA:84,0
DA:85,0
DA:86,0
DA:88,0
DA:89,0
DA:90,0
DA:91,0
DA:92,0
DA:94,0
DA:97,0
DA:99,0
DA:100,0
DA:101,0
DA:102,0
DA:103,0
DA:104,0
DA:105,0
DA:106,0
DA:107,0
DA:109,0
DA:116,0
DA:117,0
DA:118,0
DA:121,0
DA:122,0
DA:123,0
DA:124,0
DA:125,0
DA:126,0
DA:127,0
DA:128,0
DA:129,0
DA:130,0
DA:131,0
DA:138,0
DA:140,0
DA:142,0
DA:144,0
DA:145,0
DA:146,0
DA:147,0
DA:149,0
DA:150,0
DA:153,0
DA:161,0
DA:168,0
DA:170,0
DA:171,0
DA:172,0
DA:175,0
DA:183,0
DA:185,0
DA:186,0
DA:187,0
DA:188,0
DA:191,0
DA:193,0
DA:194,0
DA:195,0
DA:196,0
DA:197,0
DA:200,0
DA:202,0
DA:203,0
DA:204,0
DA:205,0
DA:206,0
DA:209,0
DA:211,0
DA:212,0
DA:213,0
DA:214,0
DA:215,0
DA:216,0
DA:217,0
DA:221,0
DA:223,0
DA:227,0
DA:228,0
DA:236,0
DA:237,0
DA:238,0
DA:239,0
DA:240,0
DA:241,0
DA:242,0
LF:123
LH:0
BRDA:12,0,0,0
BRDA:12,0,1,0
BRDA:20,1,0,0
BRDA:20,1,1,0
BRDA:33,2,0,0
BRDA:33,2,1,0
BRDA:40,3,0,0
BRDA:40,3,1,0
BRDA:44,4,0,0
BRDA:44,4,1,0
BRDA:51,5,0,0
BRDA:51,5,1,0
BRDA:80,6,0,0
BRDA:80,6,1,0
BRDA:90,7,0,0
BRDA:90,7,1,0
BRDA:116,8,0,0
BRDA:116,8,1,0
BRDA:138,9,0,0
BRDA:138,9,1,0
BRDA:146,10,0,0
BRDA:146,10,1,0
BRDA:168,11,0,0
BRDA:168,11,1,0
BRDA:183,12,0,0
BRDA:183,12,1,0
BRDA:186,13,0,0
BRDA:186,13,1,0
BRDA:196,14,0,0
BRDA:196,14,1,0
BRDA:205,15,0,0
BRDA:205,15,1,0
BRDA:214,16,0,0
BRDA:214,16,1,0
BRDA:216,17,0,0
BRDA:216,17,1,0
BRDA:227,18,0,0
BRDA:227,18,1,0
BRF:38
BRH:0
end_of_record
TN:
SF:src/components/AssumptionCard.tsx
FN:23,SignatureIndicator
FN:26,(anonymous_1)
FN:41,(anonymous_2)
FN:42,(anonymous_3)
FN:60,AssumptionCard
FN:75,(anonymous_5)
FN:93,(anonymous_6)
FN:97,(anonymous_7)
FN:107,(anonymous_8)
FN:109,(anonymous_9)
FN:117,(anonymous_10)
FN:121,(anonymous_11)
FN:122,(anonymous_12)
FN:127,(anonymous_13)
FN:132,(anonymous_14)
FN:135,(anonymous_15)
FN:149,(anonymous_16)
FN:160,(anonymous_17)
FN:165,(anonymous_18)
FN:186,(anonymous_19)
FN:203,(anonymous_20)
FN:220,(anonymous_21)
FN:244,(anonymous_22)
FN:244,(anonymous_23)
FN:258,(anonymous_24)
FN:358,(anonymous_25)
FN:359,(anonymous_26)
FN:363,(anonymous_27)
FNF:28
FNH:26
FNDA:18,SignatureIndicator
FNDA:18,(anonymous_1)
FNDA:0,(anonymous_2)
FNDA:0,(anonymous_3)
FNDA:47,AssumptionCard
FNDA:18,(anonymous_5)
FNDA:3,(anonymous_6)
FNDA:2,(anonymous_7)
FNDA:31,(anonymous_8)
FNDA:53,(anonymous_9)
FNDA:24,(anonymous_10)
FNDA:31,(anonymous_11)
FNDA:53,(anonymous_12)
FNDA:30,(anonymous_13)
FNDA:53,(anonymous_14)
FNDA:18,(anonymous_15)
FNDA:4,(anonymous_16)
FNDA:92,(anonymous_17)
FNDA:2,(anonymous_18)
FNDA:1,(anonymous_19)
FNDA:1,(anonymous_20)
FNDA:1,(anonymous_21)
FNDA:9,(anonymous_22)
FNDA:9,(anonymous_23)
FNDA:18,(anonymous_24)
FNDA:1,(anonymous_25)
FNDA:2,(anonymous_26)
FNDA:8,(anonymous_27)
DA:24,18
DA:26,18
DA:27,18
DA:28,18
DA:29,18
DA:33,0
DA:34,18
DA:35,0
DA:36,0
DA:40,0
DA:41,0
DA:42,0
DA:45,18
DA:47,0
DA:72,47
DA:73,47
DA:75,47
DA:76,18
DA:77,18
DA:78,17
DA:79,16
DA:80,16
DA:81,8
DA:82,8
DA:83,0
DA:84,0
DA:85,0
DA:86,0
DA:87,0
DA:88,0
DA:89,0
DA:90,0
DA:93,47
DA:94,3
DA:97,47
DA:98,2
DA:99,2
DA:100,0
DA:101,0
DA:103,2
DA:104,2
DA:107,47
DA:108,31
DA:109,31
DA:110,53
DA:111,53
DA:112,53
DA:113,53
DA:116,31
DA:117,24
DA:121,47
DA:122,53
DA:127,31
DA:132,53
DA:135,47
DA:137,18
DA:140,47
DA:150,4
DA:161,92
DA:165,2
DA:186,1
DA:203,1
DA:220,1
DA:244,9
DA:259,18
DA:260,18
DA:261,18
DA:263,18
DA:264,10
DA:265,10
DA:266,10
DA:301,8
DA:302,8
DA:303,8
DA:306,18
DA:358,1
DA:360,2
DA:363,8
LF:78
LH:61
BRDA:27,0,0,18
BRDA:27,0,1,0
BRDA:27,1,0,18
BRDA:27,1,1,0
BRDA:33,2,0,0
BRDA:33,2,1,0
BRDA:33,2,2,0
BRDA:34,3,0,0
BRDA:34,3,1,18
BRDA:45,4,0,18
BRDA:45,4,1,0
BRDA:45,5,0,18
BRDA:45,5,1,0
BRDA:49,6,0,0
BRDA:49,6,1,0
BRDA:50,7,0,0
BRDA:50,7,1,0
BRDA:52,8,0,0
BRDA:52,8,1,0
BRDA:77,9,0,1
BRDA:77,9,1,17
BRDA:78,10,0,1
BRDA:78,10,1,16
BRDA:80,11,0,8
BRDA:80,11,1,8
BRDA:82,12,0,8
BRDA:82,12,1,0
BRDA:82,13,0,8
BRDA:82,13,1,0
BRDA:84,14,0,0
BRDA:84,14,1,0
BRDA:84,15,0,0
BRDA:84,15,1,0
BRDA:86,16,0,0
BRDA:86,16,1,0
BRDA:86,17,0,0
BRDA:86,17,1,0
BRDA:88,18,0,0
BRDA:88,18,1,0
BRDA:88,19,0,0
BRDA:88,19,1,0
BRDA:90,20,0,0
BRDA:90,20,1,0
BRDA:99,21,0,0
BRDA:99,21,1,2
BRDA:111,22,0,53
BRDA:111,22,1,0
BRDA:112,23,0,53
BRDA:112,23,1,0
BRDA:112,24,0,53
BRDA:112,24,1,0
BRDA:112,25,0,0
BRDA:112,25,1,0
BRDA:117,26,0,24
BRDA:117,26,1,0
BRDA:117,27,0,24
BRDA:117,27,1,0
BRDA:124,28,0,53
BRDA:124,28,1,0
BRDA:137,29,0,18
BRDA:137,29,1,0
BRDA:158,30,0,47
BRDA:158,30,1,46
BRDA:165,31,0,2
BRDA:165,31,1,1
BRDA:184,32,0,1
BRDA:184,32,1,46
BRDA:191,33,0,47
BRDA:191,33,1,1
BRDA:201,34,0,1
BRDA:201,34,1,46
BRDA:208,35,0,47
BRDA:208,35,1,1
BRDA:218,36,0,1
BRDA:218,36,1,46
BRDA:225,37,0,47
BRDA:225,37,1,1
BRDA:236,38,0,1
BRDA:236,38,1,46
BRDA:240,39,0,47
BRDA:240,39,1,46
BRDA:247,40,0,8
BRDA:247,40,1,38
BRDA:254,41,0,47
BRDA:254,41,1,46
BRDA:254,41,2,8
BRDA:263,42,0,10
BRDA:263,42,1,8
BRDA:272,43,0,7
BRDA:272,43,1,3
BRDA:274,44,0,0
BRDA:274,44,1,3
BRDA:279,45,0,7
BRDA:279,45,1,3
BRDA:279,46,0,0
BRDA:279,46,1,3
BRDA:304,47,0,8
BRDA:304,47,1,8
BRDA:305,48,0,18
BRDA:305,48,1,8
BRDA:310,49,0,8
BRDA:310,49,1,0
BRDA:311,50,0,8
BRDA:311,50,1,0
BRDA:328,51,0,18
BRDA:328,51,1,0
BRDA:328,51,2,0
BRDA:328,51,3,0
BRDA:331,52,0,18
BRDA:331,52,1,8
BRDA:331,52,2,8
BRDA:334,53,0,18
BRDA:334,53,1,8
BRDA:338,54,0,8
BRDA:338,54,1,0
BRDA:341,55,0,8
BRDA:341,55,1,0
BRDA:355,56,0,47
BRDA:355,56,1,4
BRF:119
BRH:70
end_of_record
TN:
SF:src/components/AssumptionList.tsx
FN:20,AssumptionList
FN:32,(anonymous_1)
FN:33,(anonymous_2)
FN:51,(anonymous_3)
FN:57,(anonymous_4)
FN:57,(anonymous_5)
FNF:6
FNH:0
FNDA:0,AssumptionList
FNDA:0,(anonymous_1)
FNDA:0,(anonymous_2)
FNDA:0,(anonymous_3)
FNDA:0,(anonymous_4)
FNDA:0,(anonymous_5)
DA:32,0
DA:33,0
DA:34,0
DA:35,0
DA:38,0
DA:39,0
DA:49,0
DA:52,0
DA:57,0
LF:9
LH:0
BRDA:38,0,0,0
BRDA:38,0,1,0
BRF:2
BRH:0
end_of_record
TN:
SF:src/components/CreateAssumptionModal.tsx
FN:17,CreateAssumptionModal
FN:27,(anonymous_1)
FN:29,(anonymous_2)
FN:35,(anonymous_3)
FN:42,(anonymous_4)
FN:49,(anonymous_5)
FN:66,(anonymous_6)
FN:69,(anonymous_7)
FN:74,(anonymous_8)
FN:79,(anonymous_9)
FN:80,(anonymous_10)
FN:81,(anonymous_11)
FN:83,(anonymous_12)
FN:87,(anonymous_13)
FN:89,(anonymous_14)
FN:111,(anonymous_15)
FN:126,(anonymous_16)
FN:135,(anonymous_17)
FN:140,(anonymous_18)
FNF:19
FNH:0
FNDA:0,CreateAssumptionModal
FNDA:0,(anonymous_1)
FNDA:0,(anonymous_2)
FNDA:0,(anonymous_3)
FNDA:0,(anonymous_4)
FNDA:0,(anonymous_5)
FNDA:0,(anonymous_6)
FNDA:0,(anonymous_7)
FNDA:0,(anonymous_8)
FNDA:0,(anonymous_9)
FNDA:0,(anonymous_10)
FNDA:0,(anonymous_11)
FNDA:0,(anonymous_12)
FNDA:0,(anonymous_13)
FNDA:0,(anonymous_14)
FNDA:0,(anonymous_15)
FNDA:0,(anonymous_16)
FNDA:0,(anonymous_17)
FNDA:0,(anonymous_18)
DA:26,0
DA:27,0
DA:29,0
DA:31,0
DA:32,0
DA:33,0
DA:35,0
DA:36,0
DA:37,0
DA:38,0
DA:42,0
DA:43,0
DA:45,0
DA:47,0
DA:49,0
DA:52,0
DA:53,0
DA:54,0
DA:55,0
DA:56,0
DA:57,0
DA:59,0
DA:61,0
DA:65,0
DA:67,0
DA:69,0
DA:74,0
DA:75,0
DA:76,0
DA:79,0
DA:80,0
DA:81,0
DA:82,0
DA:83,0
DA:87,0
DA:88,0
DA:89,0
DA:91,0
DA:94,0
DA:96,0
DA:111,0
DA:126,0
DA:136,0
DA:140,0
LF:44
LH:0
BRDA:21,0,0,0
BRDA:22,1,0,0
BRDA:23,2,0,0
BRDA:27,3,0,0
BRDA:27,3,1,0
BRDA:36,4,0,0
BRDA:36,4,1,0
BRDA:45,5,0,0
BRDA:45,5,1,0
BRDA:76,6,0,0
BRDA:76,6,1,0
BRDA:94,7,0,0
BRDA:94,7,1,0
BRDA:99,8,0,0
BRDA:99,8,1,0
BRDA:133,9,0,0
BRDA:133,9,1,0
BRDA:161,10,0,0
BRDA:161,10,1,0
BRDA:163,11,0,0
BRDA:163,11,1,0
BRF:21
BRH:0
end_of_record
TN:
SF:src/components/LoadingScreen.tsx
FN:4,LoadingScreen
FNF:1
FNH:0
FNDA:0,LoadingScreen
DA:5,0
LF:1
LH:0
BRF:0
BRH:0
end_of_record
TN:
SF:src/components/MainView.tsx
FN:22,hashString
FN:36,MainView
FN:53,(anonymous_2)
FN:59,(anonymous_3)
FN:60,(anonymous_4)
FN:72,(anonymous_5)
FN:74,(anonymous_6)
FN:77,(anonymous_7)
FN:79,(anonymous_8)
FN:82,(anonymous_9)
FN:85,(anonymous_10)
FN:86,(anonymous_11)
FN:87,(anonymous_12)
FN:97,(anonymous_13)
FN:100,(anonymous_14)
FN:104,(anonymous_15)
FN:105,(anonymous_16)
FN:106,(anonymous_17)
FN:107,(anonymous_18)
FN:113,(anonymous_19)
FN:117,(anonymous_20)
FN:120,(anonymous_21)
FN:145,(anonymous_22)
FN:147,(anonymous_23)
FN:149,(anonymous_24)
FN:153,(anonymous_25)
FN:167,(anonymous_26)
FN:182,(anonymous_27)
FN:186,(anonymous_28)
FN:191,(anonymous_29)
FN:209,(anonymous_30)
FN:222,(anonymous_31)
FN:233,(anonymous_32)
FN:326,(anonymous_33)
FN:345,(anonymous_34)
FN:364,(anonymous_35)
FN:394,(anonymous_36)
FN:397,(anonymous_37)
FN:415,(anonymous_38)
FN:435,(anonymous_39)
FN:435,(anonymous_40)
FN:444,(anonymous_41)
FN:491,(anonymous_42)
FN:518,(anonymous_43)
FN:523,(anonymous_44)
FN:539,(anonymous_45)
FN:543,(anonymous_46)
FN:551,(anonymous_47)
FN:564,(anonymous_48)
FN:597,(anonymous_49)
FN:610,(anonymous_50)
FN:615,(anonymous_51)
FN:622,(anonymous_52)
FNF:53
FNH:0
FNDA:0,hashString
FNDA:0,MainView
FNDA:0,(anonymous_2)
FNDA:0,(anonymous_3)
FNDA:0,(anonymous_4)
FNDA:0,(anonymous_5)
FNDA:0,(anonymous_6)
FNDA:0,(anonymous_7)
FNDA:0,(anonymous_8)
FNDA:0,(anonymous_9)
FNDA:0,(anonymous_10)
FNDA:0,(anonymous_11)
FNDA:0,(anonymous_12)
FNDA:0,(anonymous_13)
FNDA:0,(anonymous_14)
FNDA:0,(anonymous_15)
FNDA:0,(anonymous_16)
FNDA:0,(anonymous_17)
FNDA:0,(anonymous_18)
FNDA:0,(anonymous_19)
FNDA:0,(anonymous_20)
FNDA:0,(anonymous_21)
FNDA:0,(anonymous_22)
FNDA:0,(anonymous_23)
FNDA:0,(anonymous_24)
FNDA:0,(anonymous_25)
FNDA:0,(anonymous_26)
FNDA:0,(anonymous_27)
FNDA:0,(anonymous_28)
FNDA:0,(anonymous_29)
FNDA:0,(anonymous_30)
FNDA:0,(anonymous_31)
FNDA:0,(anonymous_32)
FNDA:0,(anonymous_33)
FNDA:0,(anonymous_34)
FNDA:0,(anonymous_35)
FNDA:0,(anonymous_36)
FNDA:0,(anonymous_37)
FNDA:0,(anonymous_38)
FNDA:0,(anonymous_39)
FNDA:0,(anonymous_40)
FNDA:0,(anonymous_41)
FNDA:0,(anonymous_42)
FNDA:0,(anonymous_43)
FNDA:0,(anonymous_44)
FNDA:0,(anonymous_45)
FNDA:0,(anonymous_46)
FNDA:0,(anonymous_47)
FNDA:0,(anonymous_48)
FNDA:0,(anonymous_49)
FNDA:0,(anonymous_50)
FNDA:0,(anonymous_51)
FNDA:0,(anonymous_52)
DA:23,0
DA:24,0
DA:25,0
DA:26,0
DA:27,0
DA:29,0
DA:37,0
DA:38,0
DA:39,0
DA:40,0
DA:41,0
DA:42,0
DA:43,0
DA:44,0
DA:45,0
DA:46,0
DA:47,0
DA:48,0
DA:49,0
DA:50,0
DA:51,0
DA:53,0
DA:54,0
DA:55,0
DA:59,0
DA:60,0
DA:61,0
DA:62,0
DA:63,0
DA:65,0
DA:67,0
DA:72,0
DA:73,0
DA:74,0
DA:77,0
DA:78,0
DA:79,0
DA:82,0
DA:84,0
DA:85,0
DA:86,0
DA:87,0
DA:89,0
DA:97,0
DA:98,0
DA:100,0
DA:101,0
DA:102,0
DA:104,0
DA:105,0
DA:106,0
DA:107,0
DA:112,0
DA:113,0
DA:116,0
DA:117,0
DA:120,0
DA:121,0
DA:122,0
DA:124,0
DA:125,0
DA:126,0
DA:127,0
DA:128,0
DA:129,0
DA:131,0
DA:132,0
DA:134,0
DA:135,0
DA:137,0
DA:138,0
DA:141,0
DA:145,0
DA:146,0
DA:147,0
DA:148,0
DA:149,0
DA:153,0
DA:154,0
DA:155,0
DA:156,0
DA:157,0
DA:158,0
DA:159,0
DA:164,0
DA:167,0
DA:168,0
DA:169,0
DA:171,0
DA:172,0
DA:173,0
DA:174,0
DA:175,0
DA:176,0
DA:177,0
DA:178,0
DA:179,0
DA:182,0
DA:183,0
DA:184,0
DA:185,0
DA:186,0
DA:187,0
DA:188,0
DA:190,0
DA:191,0
DA:192,0
DA:193,0
DA:194,0
DA:195,0
DA:196,0
DA:198,0
DA:201,0
DA:204,0
DA:206,0
DA:209,0
DA:210,0
DA:211,0
DA:212,0
DA:213,0
DA:214,0
DA:215,0
DA:216,0
DA:217,0
DA:219,0
DA:222,0
DA:223,0
DA:224,0
DA:225,0
DA:226,0
DA:227,0
DA:229,0
DA:230,0
DA:232,0
DA:233,0
DA:236,0
DA:237,0
DA:241,0
DA:242,0
DA:244,0
DA:245,0
DA:250,0
DA:251,0
DA:261,0
DA:326,0
DA:345,0
DA:364,0
DA:394,0
DA:397,0
DA:415,0
DA:435,0
DA:444,0
DA:491,0
DA:518,0
DA:523,0
DA:539,0
DA:543,0
DA:551,0
DA:565,0
DA:597,0
DA:610,0
DA:615,0
DA:622,0
LF:163
LH:0
BRDA:54,0,0,0
BRDA:54,0,1,0
BRDA:62,1,0,0
BRDA:62,1,1,0
BRDA:73,2,0,0
BRDA:73,2,1,0
BRDA:78,3,0,0
BRDA:78,3,1,0
BRDA:98,4,0,0
BRDA:98,4,1,0
BRDA:103,5,0,0
BRDA:103,5,1,0
BRDA:107,6,0,0
BRDA:107,6,1,0
BRDA:116,7,0,0
BRDA:116,7,1,0
BRDA:126,8,0,0
BRDA:126,8,1,0
BRDA:127,9,0,0
BRDA:127,9,1,0
BRDA:131,10,0,0
BRDA:131,10,1,0
BRDA:132,11,0,0
BRDA:132,11,1,0
BRDA:132,11,2,0
BRDA:132,11,3,0
BRDA:134,12,0,0
BRDA:134,12,1,0
BRDA:135,13,0,0
BRDA:135,13,1,0
BRDA:135,13,2,0
BRDA:135,13,3,0
BRDA:137,14,0,0
BRDA:137,14,1,0
BRDA:138,15,0,0
BRDA:138,15,1,0
BRDA:138,15,2,0
BRDA:141,16,0,0
BRDA:141,16,1,0
BRDA:141,16,2,0
BRDA:141,16,3,0
BRDA:155,17,0,0
BRDA:155,17,1,0
BRDA:158,18,0,0
BRDA:158,18,1,0
BRDA:169,19,0,0
BRDA:169,19,1,0
BRDA:188,20,0,0
BRDA:188,20,1,0
BRDA:194,21,0,0
BRDA:194,21,1,0
BRDA:194,22,0,0
BRDA:194,22,1,0
BRDA:211,23,0,0
BRDA:211,23,1,0
BRDA:214,24,0,0
BRDA:214,24,1,0
BRDA:223,25,0,0
BRDA:223,25,1,0
BRDA:226,26,0,0
BRDA:226,26,1,0
BRDA:227,27,0,0
BRDA:227,27,1,0
BRDA:230,28,0,0
BRDA:230,28,1,0
BRDA:232,29,0,0
BRDA:232,29,1,0
BRDA:232,30,0,0
BRDA:232,30,1,0
BRDA:236,31,0,0
BRDA:236,31,1,0
BRDA:236,32,0,0
BRDA:236,32,1,0
BRDA:250,33,0,0
BRDA:250,33,1,0
BRDA:392,34,0,0
BRDA:392,34,1,0
BRDA:394,35,0,0
BRDA:394,35,1,0
BRDA:435,36,0,0
BRDA:435,36,1,0
BRDA:465,37,0,0
BRDA:465,37,1,0
BRDA:528,38,0,0
BRDA:528,38,1,0
BRDA:541,39,0,0
BRDA:541,39,1,0
BRDA:556,40,0,0
BRDA:556,40,1,0
BRDA:568,41,0,0
BRDA:568,41,1,0
BRDA:569,42,0,0
BRDA:569,42,1,0
BRDA:582,43,0,0
BRDA:582,43,1,0
BRDA:584,44,0,0
BRDA:584,44,1,0
BRDA:604,45,0,0
BRDA:604,45,1,0
BRDA:628,46,0,0
BRDA:628,46,1,0
BRF:101
BRH:0
end_of_record
TN:
SF:src/components/VoteBar.tsx
FN:13,VoteBar
FN:28,(anonymous_1)
FN:29,(anonymous_2)
FN:33,(anonymous_3)
FNF:4
FNH:4
FNDA:10,VoteBar
FNDA:16,(anonymous_1)
FNDA:36,(anonymous_2)
FNDA:18,(anonymous_3)
DA:14,10
DA:16,10
DA:17,2
DA:24,8
DA:25,8
DA:26,8
DA:28,8
DA:29,36
DA:30,16
DA:32,13
DA:34,18
DA:35,18
DA:40,8
LF:13
LH:13
BRDA:16,0,0,2
BRDA:16,0,1,8
BRDA:30,1,0,3
BRDA:30,1,1,13
BRDA:34,2,0,18
BRDA:34,2,1,16
BRDA:43,3,0,8
BRDA:43,3,1,7
BRDA:55,4,0,10
BRDA:55,4,1,5
BRDA:67,5,0,10
BRDA:67,5,1,4
BRF:12
BRH:12
end_of_record
